This file contains any messages produced by compilers while
running configure, to aid debugging if configure makes a mistake.

It was created by make configure noversion, which was
generated by GNU Autoconf 2.52.  Invocation command line was

  $ /c/minix-master/tools/make/configure 

## ---------- ##
## Platform.  ##
## ---------- ##

hostname = user-PC
uname -m = i686
uname -r = 3.3.3-341.i686
uname -s = MINGW32_NT-6.1-7600
uname -v = 2022-01-17 11:14 UTC

c:/Git/bin/uname -p = unknown
/bin/uname -X     = unknown

/bin/arch              = i686
c:/Git/bin/arch -k       = unknown
c:/Git/convex/getsysinfo = unknown
hostinfo               = unknown
/bin/machine           = unknown
c:/Git/bin/oslevel       = unknown
/bin/universe          = unknown

PATH = /mingw32/bin:/usr/bin:/c/Users/user/bin:/c/Users/user/Downloads/JDK/bin:/c/Windows/system32:/c/Windows:/c/Windows/System32/Wbem:/c/Windows/System32/WindowsPowerShell/v1.0:/c/Users/user/Downloads/node:/c/Users/user/Downloads/node:/c/Users/user/Downloads:/c/Program Files/LLVM/bin:/bin:/c/cygwin-b20/H-i586-cygwin32/bin:/c/Users/user/AppData/Roaming/npm:/c/cygnus/cygwin-b20/H-i586-cygwin32/bin:/c/cmake-3.21.6-windows-i386/bin/cmake.exe:/bin/sh.exe:/c/cygwin-b20/H-i586-cygwin32/bin/gcc.exe

## ------------ ##
## Core tests.  ##
## ------------ ##

configure:914: PATH=".;."; conftest.sh
/c/minix-master/tools/make/configure: line 915: conftest.sh: command not found
configure:917: $? = 127
configure:930: checking for sh
configure:958: result: c:/Git/usr/bin/sh
configure:1018: checking for gcc
configure:1033: found /c/cygwin-b20/H-i586-cygwin32/bin/gcc
configure:1041: result: gcc
configure:1269: checking for C compiler version
configure:1272: gcc --version </dev/null >&5
egcs-2.91.57
configure:1275: $? = 0
configure:1277: gcc -v </dev/null >&5
Reading specs from \cygwin-b20\H-i586-cygwin32\bin\..\lib\gcc-lib\i586-cygwin32\egcs-2.91.57\specs
gcc version egcs-2.91.57 19980901 (egcs-1.1 release)
configure:1280: $? = 0
configure:1282: gcc -V </dev/null >&5
gcc.exe: argument to `-V' is missing
configure:1285: $? = 1
configure:1305: checking for C compiler default output
configure:1308: gcc -O   conftest.c  >&5
configure:1311: $? = 0
configure:1340: result: a.exe
configure:1345: checking whether the C compiler works
configure:1369: result: yes
configure:1376: checking whether we are cross compiling
configure:1378: result: yes
configure:1381: checking for executable suffix
configure:1383: gcc -o conftest.exe -O   conftest.c  >&5
configure:1386: $? = 0
configure:1408: result: .exe
configure:1414: checking for object suffix
configure:1432: gcc -c -O  conftest.c >&5
configure:1435: $? = 0
configure:1454: result: o
configure:1458: checking whether we are using the GNU C compiler
configure:1479: gcc -c -O  conftest.c >&5
configure:1482: $? = 0
configure:1485: test -s conftest.o
configure:1488: $? = 0
configure:1500: result: yes
configure:1506: checking whether gcc accepts -g
configure:1524: gcc -c -g  conftest.c >&5
configure:1527: $? = 0
configure:1530: test -s conftest.o
configure:1533: $? = 0
configure:1543: result: yes
configure:1570: gcc -c -O  conftest.c >&5
conftest.c:2: parse error before `me'
configure:1573: $? = 1
configure: failed program was:
#ifndef __cplusplus
  choke me
#endif
configure:1676: checking how to run the C preprocessor
configure:1702: gcc -E  conftest.c
configure:1708: $? = 0
configure:1735: gcc -E  conftest.c
configure:1732: ac_nonexistent.h: No such file or directory
configure:1741: $? = 1
configure: failed program was:
#line 1731 "configure"
#include "confdefs.h"
#include <ac_nonexistent.h>
configure:1778: result: gcc -E
configure:1793: gcc -E  conftest.c
configure:1799: $? = 0
configure:1826: gcc -E  conftest.c
configure:1823: ac_nonexistent.h: No such file or directory
configure:1832: $? = 1
configure: failed program was:
#line 1822 "configure"
#include "confdefs.h"
#include <ac_nonexistent.h>
configure:1871: checking for regex.h
configure:1881: gcc -E  conftest.c
configure:1878: regex.h: No such file or directory
configure:1887: $? = 1
configure: failed program was:
#line 1877 "configure"
#include "confdefs.h"
#include <regex.h>
configure:1906: result: yes
configure:1917: checking for poll.h
configure:1927: gcc -E  conftest.c
configure:1924: poll.h: No such file or directory
configure:1933: $? = 1
configure: failed program was:
#line 1923 "configure"
#include "confdefs.h"
#include <poll.h>
configure:1952: result: no
configure:1966: checking for regfree in -lregex
configure:1993: gcc -o conftest.exe -O   conftest.c -lregex   >&5
/cygwin-b20/H-i586-cygwin32/bin/../lib/gcc-lib/i586-cygwin32/egcs-2.91.57/../../../../i586-cygwin32/bin//ld: cannot open -lregex: No such file or directory
collect2: ld returned 1 exit status
configure:1996: $? = 1
configure: failed program was:
#line 1974 "configure"
#include "confdefs.h"

/* Override any gcc2 internal prototype to avoid an error.  */
#ifdef __cplusplus
extern "C"
#endif
/* We use char because int might match the return type of a gcc2
   builtin and then its argument prototype would still apply.  */
char regfree ();
int
main ()
{
regfree ();
  ;
  return 0;
}
configure:2013: result: no
configure:2024: checking for library containing regfree
configure:2051: gcc -o conftest.exe -O   conftest.c  >&5
configure:2054: $? = 0
configure:2057: test -s conftest.exe
configure:2060: $? = 0
configure:2113: result: none required
configure:2123: checking for setenv
configure:2160: gcc -o conftest.exe -O   conftest.c  >&5
configure:2163: $? = 0
configure:2166: test -s conftest.exe
configure:2169: $? = 0
configure:2179: result: yes
configure:2123: checking for strdup
configure:2160: gcc -o conftest.exe -O   conftest.c  >&5
configure:2163: $? = 0
configure:2166: test -s conftest.exe
configure:2169: $? = 0
configure:2179: result: yes
configure:2123: checking for strerror
configure:2160: gcc -o conftest.exe -O   conftest.c  >&5
configure:2163: $? = 0
configure:2166: test -s conftest.exe
configure:2169: $? = 0
configure:2179: result: yes
configure:2123: checking for strftime
configure:2160: gcc -o conftest.exe -O   conftest.c  >&5
configure:2163: $? = 0
configure:2166: test -s conftest.exe
configure:2169: $? = 0
configure:2179: result: yes
configure:2123: checking for vsnprintf
configure:2160: gcc -o conftest.exe -O   conftest.c  >&5
C:\Users\user\AppData\Local\Temp\ccs10Rhf.o(.text+0xe):conftest.c: undefined reference to `vsnprintf'
collect2: ld returned 1 exit status
configure:2163: $? = 1
configure: failed program was:
#line 2129 "configure"
#include "confdefs.h"
/* System header to define __stub macros and hopefully few prototypes,
    which can conflict with char vsnprintf (); below.  */
#include <assert.h>
/* Override any gcc2 internal prototype to avoid an error.  */
#ifdef __cplusplus
extern "C"
#endif
/* We use char because int might match the return type of a gcc2
   builtin and then its argument prototype would still apply.  */
char vsnprintf ();
char (*f) ();

int
main ()
{
/* The GNU C library defines this for functions which it implements
    to always fail with ENOSYS.  Some functions are actually named
    something starting with __ and the normal name is an alias.  */
#if defined (__stub_vsnprintf) || defined (__stub___vsnprintf)
choke me
#else
f = vsnprintf;
#endif

  ;
  return 0;
}
configure:2179: result: no
configure:2298: creating ./config.status

## ----------------------- ##
## Running config.status.  ##
## ----------------------- ##

This file was extended by config.status (make noversion) 2.52, executed with
  CONFIG_FILES    = 
  CONFIG_HEADERS  = 
  CONFIG_LINKS    = 
  CONFIG_COMMANDS = 
  > ./config.status 
on user-PC

config.status:2718: creating buildmake.sh

## ----------------- ##
## Cache variables.  ##
## ----------------- ##

ac_cv_c_compiler_gnu=yes
ac_cv_env_CC_set=set
ac_cv_env_CC_value=
ac_cv_env_CFLAGS_set=set
ac_cv_env_CFLAGS_value=-O
ac_cv_env_CPPFLAGS_set=set
ac_cv_env_CPPFLAGS_value=
ac_cv_env_CPP_set=
ac_cv_env_CPP_value=
ac_cv_env_LDFLAGS_set=set
ac_cv_env_LDFLAGS_value=
ac_cv_env_build_alias_set=
ac_cv_env_build_alias_value=
ac_cv_env_host_alias_set=
ac_cv_env_host_alias_value=
ac_cv_env_target_alias_set=
ac_cv_env_target_alias_value=
ac_cv_exeext=.exe
ac_cv_func_setenv=yes
ac_cv_func_strdup=yes
ac_cv_func_strerror=yes
ac_cv_func_strftime=yes
ac_cv_func_vsnprintf=no
ac_cv_header_poll_h=no
ac_cv_header_regex_h=yes
ac_cv_lib_regex_regfree=no
ac_cv_objext=o
ac_cv_path_BSHELL=c:/Git/usr/bin/sh
ac_cv_prog_CPP='gcc -E'
ac_cv_prog_ac_ct_CC=gcc
ac_cv_prog_cc_g=yes
ac_cv_search_regfree='none required'

## ------------ ##
## confdefs.h.  ##
## ------------ ##

#define DEFSHELL_CUSTOM "c:/Git/usr/bin/sh"
#define USE_SELECT 1
#define HAVE_SETENV 1
#define HAVE_STRDUP 1
#define HAVE_STRERROR 1
#define HAVE_STRFTIME 1


configure: exit 0
